[    0.000000] Initializing cgroup subsys cpuset
[    0.000000] Initializing cgroup subsys cpu
[    0.000000] Initializing cgroup subsys cpuacct
[    0.000000] Linux version 4.4.0-210-generic (buildd@lgw01-amd64-009) (gcc version 5.4.0 20160609 (Ubuntu 5.4.0-6ubuntu1~16.04.12) ) #242-Ubuntu SMP Fri Apr 16 09:57:56 UTC 2021 (Ubuntu 4.4.0-210.242-generic 4.4.262)
[    0.000000] Command line: BOOT_IMAGE=/boot/vmlinuz-4.4.0-210-generic root=LABEL=cloudimg-rootfs ro console=tty1 console=ttyS0
[    0.000000] KERNEL supported cpus:
[    0.000000]   Intel GenuineIntel
[    0.000000]   AMD AuthenticAMD
[    0.000000]   Centaur CentaurHauls
[    0.000000] x86/fpu: xstate_offset[2]:  576, xstate_sizes[2]:  256
[    0.000000] x86/fpu: Supporting XSAVE feature 0x01: 'x87 floating point registers'
[    0.000000] x86/fpu: Supporting XSAVE feature 0x02: 'SSE registers'
[    0.000000] x86/fpu: Supporting XSAVE feature 0x04: 'AVX registers'
[    0.000000] x86/fpu: Enabled xstate features 0x7, context size is 832 bytes, using 'standard' format.
[    0.000000] e820: BIOS-provided physical RAM map:
[    0.000000] BIOS-e820: [mem 0x0000000000000000-0x000000000009fbff] usable
[    0.000000] BIOS-e820: [mem 0x000000000009fc00-0x000000000009ffff] reserved
[    0.000000] BIOS-e820: [mem 0x00000000000f0000-0x00000000000fffff] reserved
[    0.000000] BIOS-e820: [mem 0x0000000000100000-0x000000003ffeffff] usable
[    0.000000] BIOS-e820: [mem 0x000000003fff0000-0x000000003fffffff] ACPI data
[    0.000000] BIOS-e820: [mem 0x00000000fec00000-0x00000000fec00fff] reserved
[    0.000000] BIOS-e820: [mem 0x00000000fee00000-0x00000000fee00fff] reserved
[    0.000000] BIOS-e820: [mem 0x00000000fffc0000-0x00000000ffffffff] reserved
[    0.000000] NX (Execute Disable) protection: active
[    0.000000] SMBIOS 2.5 present.
[    0.000000] Hypervisor detected: KVM
[    0.000000] Kernel/User page tables isolation: disabled
[    0.000000] e820: last_pfn = 0x3fff0 max_arch_pfn = 0x400000000
[    0.000000] MTRR: Disabled
[    0.000000] x86/PAT: MTRRs disabled, skipping PAT initialization too.
[    0.000000] CPU MTRRs all blank - virtualized system.
[    0.000000] x86/PAT: Configuration [0-7]: WB  WT  UC- UC  WB  WT  UC- UC  
[    0.000000] found SMP MP-table at [mem 0x0009fff0-0x0009ffff] mapped at [ffff88000009fff0]
[    0.000000] Scanning 1 areas for low memory corruption
[    0.000000] RAMDISK: [mem 0x362dc000-0x37165fff]
[    0.000000] ACPI: Early table checksum verification disabled
[    0.000000] ACPI: RSDP 0x00000000000E0000 000024 (v02 VBOX  )
[    0.000000] ACPI: XSDT 0x000000003FFF0030 00003C (v01 VBOX   VBOXXSDT 00000001 ASL  00000061)
[    0.000000] ACPI: FACP 0x000000003FFF00F0 0000F4 (v04 VBOX   VBOXFACP 00000001 ASL  00000061)
[    0.000000] ACPI: DSDT 0x000000003FFF0470 002325 (v02 VBOX   VBOXBIOS 00000002 INTL 20100528)
[    0.000000] ACPI: FACS 0x000000003FFF0200 000040
[    0.000000] ACPI: FACS 0x000000003FFF0200 000040
[    0.000000] ACPI: APIC 0x000000003FFF0240 00005C (v02 VBOX   VBOXAPIC 00000001 ASL  00000061)
[    0.000000] ACPI: SSDT 0x000000003FFF02A0 0001CC (v01 VBOX   VBOXCPUT 00000002 INTL 20100528)
[    0.000000] No NUMA configuration found
[    0.000000] Faking a node at [mem 0x0000000000000000-0x000000003ffeffff]
[    0.000000] NODE_DATA(0) allocated [mem 0x3ffeb000-0x3ffeffff]
[    0.000000] kvm-clock: Using msrs 4b564d01 and 4b564d00
[    0.000000] kvm-clock: cpu 0, msr 0:3ffe3001, primary cpu clock
[    0.000000] kvm-clock: using sched offset of 3249106250 cycles
[    0.000000] clocksource: kvm-clock: mask: 0xffffffffffffffff max_cycles: 0x1cd42e4dffb, max_idle_ns: 881590591483 ns
[    0.000000] Zone ranges:
[    0.000000]   DMA      [mem 0x0000000000001000-0x0000000000ffffff]
[    0.000000]   DMA32    [mem 0x0000000001000000-0x000000003ffeffff]
[    0.000000]   Normal   empty
[    0.000000]   Device   empty
[    0.000000] Movable zone start for each node
[    0.000000] Early memory node ranges
[    0.000000]   node   0: [mem 0x0000000000001000-0x000000000009efff]
[    0.000000]   node   0: [mem 0x0000000000100000-0x000000003ffeffff]
[    0.000000] Initmem setup node 0 [mem 0x0000000000001000-0x000000003ffeffff]
[    0.000000] ACPI: PM-Timer IO Port: 0x4008
[    0.000000] IOAPIC[0]: apic_id 2, version 32, address 0xfec00000, GSI 0-23
[    0.000000] ACPI: INT_SRC_OVR (bus 0 bus_irq 0 global_irq 2 dfl dfl)
[    0.000000] ACPI: INT_SRC_OVR (bus 0 bus_irq 9 global_irq 9 low level)
[    0.000000] Using ACPI (MADT) for SMP configuration information
[    0.000000] smpboot: Allowing 2 CPUs, 0 hotplug CPUs
[    0.000000] PM: Registered nosave memory: [mem 0x00000000-0x00000fff]
[    0.000000] PM: Registered nosave memory: [mem 0x0009f000-0x0009ffff]
[    0.000000] PM: Registered nosave memory: [mem 0x000a0000-0x000effff]
[    0.000000] PM: Registered nosave memory: [mem 0x000f0000-0x000fffff]
[    0.000000] e820: [mem 0x40000000-0xfebfffff] available for PCI devices
[    0.000000] Booting paravirtualized kernel on KVM
[    0.000000] clocksource: refined-jiffies: mask: 0xffffffff max_cycles: 0xffffffff, max_idle_ns: 7645519600211568 ns
[    0.000000] setup_percpu: NR_CPUS:512 nr_cpumask_bits:512 nr_cpu_ids:2 nr_node_ids:1
[    0.000000] PERCPU: Embedded 33 pages/cpu @ffff88003fc00000 s95192 r8192 d31784 u1048576
[    0.000000] Built 1 zonelists in Node order, mobility grouping on.  Total pages: 257912
[    0.000000] Policy zone: DMA32
[    0.000000] Kernel command line: BOOT_IMAGE=/boot/vmlinuz-4.4.0-210-generic root=LABEL=cloudimg-rootfs ro console=tty1 console=ttyS0
[    0.000000] PID hash table entries: 4096 (order: 3, 32768 bytes)
[    0.000000] Memory: 997792K/1048120K available (8644K kernel code, 1332K rwdata, 4044K rodata, 1492K init, 1164K bss, 50328K reserved, 0K cma-reserved)
[    0.000000] SLUB: HWalign=64, Order=0-3, MinObjects=0, CPUs=2, Nodes=1
[    0.000000] Hierarchical RCU implementation.
[    0.000000] 	Build-time adjustment of leaf fanout to 64.
[    0.000000] 	RCU restricting CPUs from NR_CPUS=512 to nr_cpu_ids=2.
[    0.000000] RCU: Adjusting geometry for rcu_fanout_leaf=64, nr_cpu_ids=2
[    0.000000] NR_IRQS:33024 nr_irqs:440 16
[    0.000000] Console: colour VGA+ 80x25
[    0.000000] console [tty1] enabled
[    0.000000] console [ttyS0] enabled
[    0.000000] tsc: Detected 2496.004 MHz processor
[    0.119602] Calibrating delay loop (skipped) preset value.. 4992.00 BogoMIPS (lpj=9984016)
[    0.121177] pid_max: default: 32768 minimum: 301
[    0.121992] ACPI: Core revision 20150930
[    0.123315] ACPI: 2 ACPI AML tables successfully acquired and loaded
[    0.124350] Security Framework initialized
[    0.125017] Yama: becoming mindful.
[    0.125628] AppArmor: AppArmor initialized
[    0.126348] Dentry cache hash table entries: 131072 (order: 8, 1048576 bytes)
[    0.127562] Inode-cache hash table entries: 65536 (order: 7, 524288 bytes)
[    0.132106] Mount-cache hash table entries: 2048 (order: 2, 16384 bytes)
[    0.133071] Mountpoint-cache hash table entries: 2048 (order: 2, 16384 bytes)
[    0.134177] Initializing cgroup subsys io
[    0.134924] Initializing cgroup subsys memory
[    0.135761] Initializing cgroup subsys devices
[    0.136579] Initializing cgroup subsys freezer
[    0.137343] Initializing cgroup subsys net_cls
[    0.138054] Initializing cgroup subsys perf_event
[    0.138845] Initializing cgroup subsys net_prio
[    0.139564] Initializing cgroup subsys hugetlb
[    0.140275] Initializing cgroup subsys pids
[    0.141878] mce: CPU supports 0 MCE banks
[    0.142556] Last level iTLB entries: 4KB 64, 2MB 8, 4MB 8
[    0.143479] Last level dTLB entries: 4KB 64, 2MB 0, 4MB 0, 1GB 4
[    0.144374] Spectre V1 : Mitigation: usercopy/swapgs barriers and __user pointer sanitization
[    0.145705] Spectre V2 : Mitigation: Full generic retpoline
[    0.146548] Spectre V2 : Spectre v2 / SpectreRSB mitigation: Filling RSB on context switch
[    0.148214] Speculative Store Bypass: Vulnerable
[    0.151127] Freeing SMP alternatives memory: 36K
[    0.157011] ftrace: allocating 32380 entries in 127 pages
[    0.206040] smpboot: APIC(0) Converting physical 0 to logical package 0
[    0.207154] smpboot: Max logical packages: 1
[    0.208136] x2apic enabled
[    0.208831] Switched APIC routing to physical x2apic.
[    0.210529] ..TIMER: vector=0x30 apic1=0 pin1=2 apic2=-1 pin2=-1
[    0.319528] smpboot: CPU0: Intel(R) Core(TM) i5-10300H CPU @ 2.50GHz (family: 0x6, model: 0xa5, stepping: 0x2)
[    0.321881] Performance Events: unsupported p6 CPU model 165 no PMU driver, software events only.
[    0.329893] KVM setup paravirtual spinlock
[    0.331132] x86: Booting SMP configuration:
[    0.331811] .... node  #0, CPUs:      #1
[    0.332575] kvm-clock: cpu 1, msr 0:3ffe3041, secondary cpu clock
[    0.334142] mce: CPU supports 0 MCE banks
[    0.336726] x86: Booted up 1 node, 2 CPUs
[    0.337904] smpboot: Total of 2 processors activated (9984.01 BogoMIPS)
[    0.339301] devtmpfs: initialized
[    0.341326] evm: security.selinux
[    0.341902] evm: security.SMACK64
[    0.342477] evm: security.SMACK64EXEC
[    0.343087] evm: security.SMACK64TRANSMUTE
[    0.343762] evm: security.SMACK64MMAP
[    0.344372] evm: security.ima
[    0.344915] evm: security.capability
[    0.345626] clocksource: jiffies: mask: 0xffffffff max_cycles: 0xffffffff, max_idle_ns: 7645041785100000 ns
[    0.347093] futex hash table entries: 512 (order: 3, 32768 bytes)
[    0.348072] pinctrl core: initialized pinctrl subsystem
[    0.348951] RTC time:  7:19:52, date: 12/11/21
[    0.353558] NET: Registered protocol family 16
[    0.365265] cpuidle: using governor ladder
[    0.377686] cpuidle: using governor menu
[    0.378369] PCCT header not found.
[    0.379005] ACPI: bus type PCI registered
[    0.379665] acpiphp: ACPI Hot Plug PCI Controller Driver version: 0.5
[    0.380708] PCI: Using configuration type 1 for base access
[    0.392544] ACPI: Added _OSI(Module Device)
[    0.393225] ACPI: Added _OSI(Processor Device)
[    0.393923] ACPI: Added _OSI(3.0 _SCP Extensions)
[    0.394657] ACPI: Added _OSI(Processor Aggregator Device)
[    0.395972] ACPI: Executed 1 blocks of module-level executable AML code
[    0.398703] ACPI: Interpreter enabled
[    0.399327] ACPI: (supports S0 S5)
[    0.399925] ACPI: Using IOAPIC for interrupt routing
[    0.400801] PCI: Using host bridge windows from ACPI; if necessary, use "pci=nocrs" and report a bug
[    0.404959] ACPI: PCI Root Bridge [PCI0] (domain 0000 [bus 00-ff])
[    0.405882] acpi PNP0A03:00: _OSC: OS supports [ASPM ClockPM Segments MSI]
[    0.407079] acpi PNP0A03:00: _OSC: not requesting OS control; OS requires [ExtendedConfig ASPM ClockPM MSI]
[    0.408563] acpi PNP0A03:00: fail to add MMCONFIG information, can't access extended PCI configuration space under this bridge.
[    0.410448] PCI host bridge to bus 0000:00
[    0.411142] pci_bus 0000:00: root bus resource [io  0x0000-0x0cf7 window]
[    0.412104] pci_bus 0000:00: root bus resource [io  0x0d00-0xffff window]
[    0.413091] pci_bus 0000:00: root bus resource [mem 0x000a0000-0x000bffff window]
[    0.414325] pci_bus 0000:00: root bus resource [mem 0x40000000-0xfdffffff window]
[    0.415520] pci_bus 0000:00: root bus resource [bus 00-ff]
[    0.417639] pci 0000:00:01.1: legacy IDE quirk: reg 0x10: [io  0x01f0-0x01f7]
[    0.418772] pci 0000:00:01.1: legacy IDE quirk: reg 0x14: [io  0x03f6]
[    0.419784] pci 0000:00:01.1: legacy IDE quirk: reg 0x18: [io  0x0170-0x0177]
[    0.421076] pci 0000:00:01.1: legacy IDE quirk: reg 0x1c: [io  0x0376]
[    0.430216] pci 0000:00:07.0: quirk: [io  0x4000-0x403f] claimed by PIIX4 ACPI
[    0.439291] pci 0000:00:07.0: quirk: [io  0x4100-0x410f] claimed by PIIX4 SMB
[    0.445489] ACPI: PCI Interrupt Link [LNKA] (IRQs 5 9 10 *11)
[    0.446803] ACPI: PCI Interrupt Link [LNKB] (IRQs 5 9 *10 11)
[    0.448032] ACPI: PCI Interrupt Link [LNKC] (IRQs 5 *9 10 11)
[    0.449259] ACPI: PCI Interrupt Link [LNKD] (IRQs 5 9 10 *11)
[    0.454514] ACPI: Enabled 2 GPEs in block 00 to 07
[    0.455852] vgaarb: setting as boot device: PCI:0000:00:02.0
[    0.456938] vgaarb: device added: PCI:0000:00:02.0,decodes=io+mem,owns=io+mem,locks=none
[    0.458248] vgaarb: loaded
[    0.458757] vgaarb: bridge control possible 0000:00:02.0
[    0.459735] SCSI subsystem initialized
[    0.460443] ACPI: bus type USB registered
[    0.461108] usbcore: registered new interface driver usbfs
[    0.461938] usbcore: registered new interface driver hub
[    0.462747] usbcore: registered new device driver usb
[    0.463661] PCI: Using ACPI for IRQ routing
[    0.464574] NetLabel: Initializing
[    0.465157] NetLabel:  domain hash size = 128
[    0.465851] NetLabel:  protocols = UNLABELED CIPSOv4
[    0.466629] NetLabel:  unlabeled traffic allowed by default
[    0.467535] amd_nb: Cannot enumerate AMD northbridges
[    0.468348] clocksource: Switched to clocksource kvm-clock
[    0.479694] AppArmor: AppArmor Filesystem Enabled
[    0.480522] pnp: PnP ACPI init
[    0.481630] pnp: PnP ACPI: found 3 devices
[    0.489594] clocksource: acpi_pm: mask: 0xffffff max_cycles: 0xffffff, max_idle_ns: 2085701024 ns
[    0.491012] NET: Registered protocol family 2
[    0.491827] TCP established hash table entries: 8192 (order: 4, 65536 bytes)
[    0.492861] TCP bind hash table entries: 8192 (order: 5, 131072 bytes)
[    0.493812] TCP: Hash tables configured (established 8192 bind 8192)
[    0.494765] UDP hash table entries: 512 (order: 2, 16384 bytes)
[    0.495633] UDP-Lite hash table entries: 512 (order: 2, 16384 bytes)
[    0.496574] NET: Registered protocol family 1
[    0.497450] pci 0000:00:00.0: Limiting direct PCI/PCI transfers
[    0.498337] pci 0000:00:01.0: Activating ISA DMA hang workarounds
[    0.502937] Unpacking initramfs...
[    0.751429] Freeing initrd memory: 14888K
[    0.752356] clocksource: tsc: mask: 0xffffffffffffffff max_cycles: 0x23fa7af7c80, max_idle_ns: 440795241955 ns
[    0.754051] platform rtc_cmos: registered platform RTC device (no PNP device found)
[    0.755325] Scanning for low memory corruption every 60 seconds
[    0.756473] audit: initializing netlink subsys (disabled)
[    0.757308] audit: type=2000 audit(1639207197.863:1): initialized
[    0.758403] Initialise system trusted keyring
[    0.759193] HugeTLB registered 2 MB page size, pre-allocated 0 pages
[    0.761038] zbud: loaded
[    0.761765] VFS: Disk quotas dquot_6.6.0
[    0.762440] VFS: Dquot-cache hash table entries: 512 (order 0, 4096 bytes)
[    0.763596] squashfs: version 4.0 (2009/01/31) Phillip Lougher
[    0.768679] fuse init (API version 7.23)
[    0.769850] Key type big_key registered
[    0.770527] Allocating IMA MOK and blacklist keyrings.
[    0.771850] Key type asymmetric registered
[    0.772521] Asymmetric key parser 'x509' registered
[    0.773371] Block layer SCSI generic (bsg) driver version 0.4 loaded (major 249)
[    0.774641] io scheduler noop registered
[    0.775297] io scheduler deadline registered (default)
[    0.776107] io scheduler cfq registered
[    0.776856] pci_hotplug: PCI Hot Plug PCI Core version: 0.5
[    0.777705] pciehp: PCI Express Hot Plug Controller Driver version: 0.4
[    0.778766] ACPI: AC Adapter [AC] (on-line)
[    0.779487] input: Power Button as /devices/LNXSYSTM:00/LNXPWRBN:00/input/input0
[    0.780723] ACPI: Power Button [PWRF]
[    0.781393] input: Sleep Button as /devices/LNXSYSTM:00/LNXSLPBN:00/input/input1
[    0.782601] ACPI: Sleep Button [SLPF]
[    0.783755] ACPI: Battery Slot [BAT0] (battery present)
[    0.784582] GHES: HEST is not enabled!
[    0.785337] Serial: 8250/16550 driver, 32 ports, IRQ sharing enabled
[    0.806711] 00:02: ttyS0 at I/O 0x3f8 (irq = 4, base_baud = 115200) is a 16550A
[    0.808772] Linux agpgart interface v0.103
[    0.810319] loop: module loaded
[    0.811271] scsi host0: ata_piix
[    0.812000] scsi host1: ata_piix
[    0.812672] ata1: PATA max UDMA/33 cmd 0x1f0 ctl 0x3f6 bmdma 0xd000 irq 14
[    0.813676] ata2: PATA max UDMA/33 cmd 0x170 ctl 0x376 bmdma 0xd008 irq 15
[    0.814777] libphy: Fixed MDIO Bus: probed
[    0.815458] tun: Universal TUN/TAP device driver, 1.6
[    0.816409] tun: (C) 1999-2004 Max Krasnyansky <maxk@qualcomm.com>
[    0.817468] PPP generic driver version 2.4.2
[    0.818524] ehci_hcd: USB 2.0 'Enhanced' Host Controller (EHCI) Driver
[    0.819764] ehci-pci: EHCI PCI platform driver
[    0.820526] ehci-platform: EHCI generic platform driver
[    0.821387] ohci_hcd: USB 1.1 'Open' Host Controller (OHCI) Driver
[    0.822332] ohci-pci: OHCI PCI platform driver
[    0.823051] ohci-platform: OHCI generic platform driver
[    0.823874] uhci_hcd: USB Universal Host Controller Interface driver
[    0.825042] i8042: PNP: PS/2 Controller [PNP0303:PS2K,PNP0f03:PS2M] at 0x60,0x64 irq 1,12
[    0.826755] serio: i8042 KBD port at 0x60,0x64 irq 1
[    0.827529] serio: i8042 AUX port at 0x60,0x64 irq 12
[    0.828392] mousedev: PS/2 mouse device common for all mice
[    0.829643] input: AT Translated Set 2 keyboard as /devices/platform/i8042/serio0/input/input2
[    0.831026] rtc_cmos rtc_cmos: rtc core: registered rtc_cmos as rtc0
[    0.832082] rtc_cmos rtc_cmos: alarms up to one day, 114 bytes nvram
[    0.833050] i2c /dev entries driver
[    0.833686] device-mapper: uevent: version 1.0.3
[    0.834487] device-mapper: ioctl: 4.34.0-ioctl (2015-10-28) initialised: dm-devel@redhat.com
[    0.835948] ledtrig-cpu: registered to indicate activity on CPUs
[    0.837444] NET: Registered protocol family 10
[    0.838425] NET: Registered protocol family 17
[    0.839156] Key type dns_resolver registered
[    0.840014] registered taskstats version 1
[    0.840715] Loading compiled-in X.509 certificates
[    0.841883] Loaded X.509 cert 'Build time autogenerated kernel key: cf00e047681d67edb2720680708b7d9498083038'
[    0.843385] zswap: loaded using pool lzo/zbud
[    0.845214] Key type trusted registered
[    0.847878] Key type encrypted registered
[    0.848543] AppArmor: AppArmor sha1 policy hashing enabled
[    0.849415] ima: No TPM chip found, activating TPM-bypass!
[    0.850253] ima: Allocated hash algorithm: sha1
[    0.850982] evm: HMAC attrs: 0x1
[    0.852013]   Magic number: 1:874:318
[    0.852679] tty tty43: hash matches
[    0.853330] rtc_cmos rtc_cmos: setting system clock to 2021-12-11 07:19:53 UTC (1639207193)
[    0.854758] BIOS EDD facility v0.16 2004-Jun-25, 0 devices found
[    0.855653] EDD information not available.
[    1.075300] Freeing unused kernel memory: 1492K
[    1.076281] Write protecting the kernel read-only data: 14336k
[    1.077573] Freeing unused kernel memory: 1584K
[    1.078464] Freeing unused kernel memory: 52K
Loading, please wait...
starting version 229
[    1.086821] random: systemd-udevd: uninitialized urandom read (16 bytes read, 1 bits of entropy available)
[    1.087158] random: udevadm: uninitialized urandom read (16 bytes read, 1 bits of entropy available)
[    1.087170] random: udevadm: uninitialized urandom read (16 bytes read, 1 bits of entropy available)
[    1.091417] random: udevadm: uninitialized urandom read (16 bytes read, 1 bits of entropy available)
[    1.091442] random: udevadm: uninitialized urandom read (16 bytes read, 1 bits of entropy available)
[    1.091518] random: udevadm: uninitialized urandom read (16 bytes read, 1 bits of entropy available)
[    1.091544] random: udevadm: uninitialized urandom read (16 bytes read, 1 bits of entropy available)
[    1.091585] random: udevadm: uninitialized urandom read (16 bytes read, 1 bits of entropy available)
[    1.091614] random: udevadm: uninitialized urandom read (16 bytes read, 1 bits of entropy available)
[    1.091638] random: udevadm: uninitialized urandom read (16 bytes read, 1 bits of entropy available)
[    1.118001] e1000: Intel(R) PRO/1000 Network Driver - version 7.3.21-k8-NAPI
[    1.119206] e1000: Copyright (c) 1999-2006 Intel Corporation.
[    1.122275] Fusion MPT base driver 3.04.20
[    1.122959] Copyright (c) 1999-2008 LSI Corporation
[    1.137874] Fusion MPT SPI Host driver 3.04.20
[    1.141541] AVX2 version of gcm_enc/dec engaged.
[    1.142271] AES CTR mode by8 optimization enabled
[    1.330815] input: ImExPS/2 Generic Explorer Mouse as /devices/platform/i8042/serio1/input/input4
[    1.753164] e1000 0000:00:03.0 eth0: (PCI:33MHz:32-bit) 02:be:82:6b:cc:1d
[    1.754258] e1000 0000:00:03.0 eth0: Intel(R) PRO/1000 Network Connection
[    1.755793] mptbase: ioc0: Initiating bringup
[    2.748640] ioc0: LSI53C1030 A0: Capabilities={Initiator}
[    4.618996] scsi host2: ioc0: LSI53C1030 A0, FwRev=00000000h, Ports=1, MaxQ=256, IRQ=20
[    5.757628] scsi 2:0:0:0: Direct-Access     VBOX     HARDDISK         1.0  PQ: 0 ANSI: 5
[    5.759543] scsi target2:0:0: Beginning Domain Validation
[    5.762475] scsi target2:0:0: Domain Validation skipping write tests
[    5.763397] scsi target2:0:0: Ending Domain Validation
[    5.764414] scsi target2:0:0: asynchronous
[    5.765324] scsi 2:0:1:0: Direct-Access     VBOX     HARDDISK         1.0  PQ: 0 ANSI: 5
[    5.766683] scsi target2:0:1: Beginning Domain Validation
[    5.768057] scsi target2:0:1: Domain Validation skipping write tests
[    5.769014] scsi target2:0:1: Ending Domain Validation
[    5.769834] scsi target2:0:1: asynchronous
[    5.773113] sd 2:0:0:0: Attached scsi generic sg0 type 0
[    5.781908] sd 2:0:0:0: [sda] 83886080 512-byte logical blocks: (42.9 GB/40.0 GiB)
[    5.783526] sd 2:0:0:0: [sda] Write Protect is off
[    5.784451] sd 2:0:0:0: [sda] Incomplete mode parameter data
[    5.785299] sd 2:0:0:0: [sda] Assuming drive cache: write through
[    5.786430] sd 2:0:1:0: [sdb] 20480 512-byte logical blocks: (10.5 MB/10.0 MiB)
[    5.787735] sd 2:0:1:0: [sdb] Write Protect is off
[    5.787764] sd 2:0:1:0: Attached scsi generic sg1 type 0
[    5.789379] sd 2:0:1:0: [sdb] Incomplete mode parameter data
[    5.790245] sd 2:0:1:0: [sdb] Assuming drive cache: write through
[    5.796420]  sda: sda1
[    5.800087] sd 2:0:0:0: [sda] Attached SCSI disk
[    5.801138] sd 2:0:1:0: [sdb] Attached SCSI disk
[    6.292700] e1000 0000:00:08.0 eth1: (PCI:33MHz:32-bit) 08:00:27:69:aa:17
[    6.293907] e1000 0000:00:08.0 eth1: Intel(R) PRO/1000 Network Connection
[    6.295399] e1000 0000:00:08.0 enp0s8: renamed from eth1
[    6.305936] e1000 0000:00:03.0 enp0s3: renamed from eth0
Begin: Loading essential drivers ... [    7.562229] md: linear personality registered for level -1
[    7.565277] md: multipath personality registered for level -4
[    7.567916] md: raid0 personality registered for level 0
[    7.570971] md: raid1 personality registered for level 1
[    7.640441] raid6: sse2x1   gen() 12617 MB/s
[    7.708435] raid6: sse2x1   xor()  8483 MB/s
[    7.776432] raid6: sse2x2   gen() 17525 MB/s
[    7.844437] raid6: sse2x2   xor() 11747 MB/s
[    7.912419] raid6: sse2x4   gen() 16968 MB/s
[    7.980631] raid6: sse2x4   xor() 10730 MB/s
[    8.048498] raid6: avx2x1   gen() 22371 MB/s
[    8.116484] raid6: avx2x2   gen() 29981 MB/s
[    8.184407] raid6: avx2x4   gen() 32426 MB/s
[    8.185296] raid6: using algorithm avx2x4 gen() 32426 MB/s
[    8.186380] raid6: using avx2x2 recovery algorithm
[    8.187937] xor: automatically using best checksumming function:
[    8.228375]    avx       : 27541.000 MB/sec
[    8.230549] async_tx: api initialized (async)
[    8.238339] md: raid6 personality registered for level 6
[    8.239176] md: raid5 personality registered for level 5
[    8.239981] md: raid4 personality registered for level 4
[    8.245070] md: raid10 personality registered for level 10
done.
Begin: Running /scripts/init-premount ... done.
Begin: Mounting root file system ... Begin: Running /scripts/local-top ... done.
Begin: Running /scripts/local-premount ... [    8.268962] Btrfs loaded
Scanning for Btrfs filesystems
done.
Warning: fsck not present, so skipping root file system
[    8.301861] EXT4-fs (sda1): mounted filesystem with ordered data mode. Opts: (null)
done.
Begin: Running /scripts/local-bottom ... done.
Begin: Running /scripts/init-bottom ... done.
[    8.365943] systemd[1]: systemd 229 running in system mode. (+PAM +AUDIT +SELINUX +IMA +APPARMOR +SMACK +SYSVINIT +UTMP +LIBCRYPTSETUP +GCRYPT +GNUTLS +ACL +XZ -LZ4 +SECCOMP +BLKID +ELFUTILS +KMOD -IDN)
[    8.368550] systemd[1]: Detected virtualization oracle.
[    8.369349] systemd[1]: Detected architecture x86-64.

Welcome to [1mUbuntu 16.04.7 LTS[0m!

[    8.372142] systemd[1]: Set hostname to <ubuntu>.
[    8.374119] systemd[1]: Initializing machine ID from random generator.
[    8.375090] systemd[1]: Installed transient /etc/machine-id file.
[    8.819656] systemd[1]: Started Forward Password Requests to Wall Directory Watch.
[[0;32m  OK  [0m] Started Forward Password Requests to Wall Directory Watch.
[    8.821864] systemd[1]: Reached target Encrypted Volumes.
[[0;32m  OK  [0m] Reached target Encrypted Volumes.
[    8.823423] systemd[1]: Reached target Swap.
[[0;32m  OK  [0m] Reached target Swap.
[    8.824841] systemd[1]: Listening on udev Kernel Socket.
[[0;32m  OK  [0m] Listening on udev Kernel Socket.
[    8.826451] systemd[1]: Set up automount Arbitrary Executable File Formats File System Automount Point.
[[0;32m  OK  [0m] Set up automount Arbitrary Executab...ats File System Automount Point.
[    8.829072] systemd[1]: Listening on LVM2 poll daemon socket.
[[0;32m  OK  [0m] Listening on LVM2 poll daemon socket.
[    8.831395] systemd[1]: Listening on Journal Socket.
[[0;32m  OK  [0m] Listening on Journal Socket.
[    8.833163] systemd[1]: Listening on /dev/initctl Compatibility Named Pipe.
[[0;32m  OK  [0m] Listening on /dev/initctl Compatibility Named Pipe.
[    8.835369] systemd[1]: Listening on Device-mapper event daemon FIFOs.
[[0;32m  OK  [0m] Listening on Device-mapper event daemon FIFOs.
[    8.837722] systemd[1]: Listening on Syslog Socket.
[[0;32m  OK  [0m] Listening on Syslog Socket.
[    8.839353] systemd[1]: Reached target User and Group Name Lookups.
[[0;32m  OK  [0m] Reached target User and Group Name Lookups.
[    8.841461] systemd[1]: Created slice System Slice.
[[0;32m  OK  [0m] Created slice System Slice.
[    8.852929] systemd[1]: Mounting Debug File System...
         Mounting Debug File System...
[    8.855808] systemd[1]: Mounting POSIX Message Queue File System...
         Mounting POSIX Message Queue File System...
[    8.858676] systemd[1]: Starting Load Kernel Modules...
         Starting Load Kernel Modules...
[    8.860714] systemd[1]: Starting Uncomplicated firewall...
         Starting Uncomplicated firewall...
[    8.865074] systemd[1]: Starting Create list of required static device nodes for the current kernel...
         Starting Create list of required st... nodes for the current kernel...
[    8.868343] systemd[1]: Starting Set console keymap...
         Starting Set console keymap...
[    8.870384] systemd[1]: Listening on Journal Audit Socket.
[[0;32m  OK  [0m] Listening on Journal Audit Socket.
[    8.878074] systemd[1]: Mounting Huge Pages File System...
[    8.879373] Loading iSCSI transport class v2.0-870.
         Mounting Huge Pages File System...
[    8.882062] systemd[1]: Created slice system-serial\x2dgetty.slice.
[[0;32m  OK  [0m] Created slice system-serial\x2dgetty.slice.
[    8.884420] systemd[1]: Created slice User and Session Slice.
[[0;32m  OK  [0m] Created slice User and Session Slice.
[    8.886462] systemd[1]: Reached target Slices.
[[0;32m  OK  [0m] Reached target Slices.
[    8.888967] systemd[1]: Listening on LVM2 metadata daemon socket.
[[0;32m  OK  [0m] Listening on LVM2 metadata daemon socket.
[    8.891703] systemd[1]: Starting Monitoring of LVM2 mirrors, snapshots etc. using dmeventd or progress polling...
         Starting Monitoring of LVM2 mirrors... dmeventd or progress polling...
[    8.897966] systemd[1]: Starting Nameserver information manager...
         Starting Nameserver information manager...
[    8.900568] systemd[1]: Started Trigger resolvconf update for networkd DNS.
[[0;32m  OK  [0m] Started Trigger resolvconf update for networkd DNS.
[    8.903230] systemd[1]: Listening on fsck to fsckd communication Socket.
[    8.903258] iscsi: registered transport (tcp)
[[0;32m  OK  [0m] Listening on fsck to fsckd communication Socket.
[    8.907376] systemd[1]: Starting File System Check on Root Device...
         Starting File System Check on Root Device...
[    8.913894] systemd[1]: Reached target System Time Synchronized.
[[0;32m  OK  [0m] Reached target System Time Synchronized.
[    8.916481] systemd[1]: Listening on udev Control Socket.
[[0;32m  OK  [0m] Listening on udev Control Socket.
[    8.918898] systemd[1]: Listening on Journal Socket (/dev/log).
[[0;32m  OK  [0m] Listening on Journal Socket (/dev/log).
[    8.922217] systemd[1]: Starting Journal Service...
         Starting Journal Service...
[    8.928127] systemd[1]: Mounted Huge Pages File System.
[[0;32m  OK  [0m] Mounted Huge Pages File System.
[    8.930645] systemd[1]: Mounted POSIX Message Queue File System.
[[0;32m  OK  [0m] Mounted POSIX Message Queue File System.
[    8.933735] systemd[1]: Mounted Debug File System.
[[0;32m  OK  [0m] Mounted Debug File System.
[    8.936275] systemd[1]: Started Uncomplicated firewall.
[[0;32m  OK  [0m] Started Uncomplicated firewall.
[    8.938848] systemd[1]: Started Create list of required static device nodes for the current kernel.
[[0;32m  OK  [0m] Started Create list of required sta...ce nodes for the current kernel.
[    8.942695] systemd[1]: Started Set console keymap.
[[0;32m  OK  [0m] Started Set console keymap.
[    8.958730] systemd[1]: Started LVM2 metadata daemon.
[[0;32m  OK  [0m] Started LVM2 metadata daemon.
[    8.961249] systemd[1]: Started File System Check Daemon to report status.
[[0;32m  OK  [0m] Started File System Check Daemon to report status.
[    8.966196] systemd[1]: Starting Create Static Device Nodes in /dev...
         Starting Create Static Device Nodes in /dev...
[    8.968941] systemd[1]: Started File System Check on Root Device.
[[0;32m  OK  [0m] Started File System Check on Root Device.
[    8.971321] systemd[1]: Started Nameserver information manager.
[[0;32m  OK  [0m] Started Nameserver information manager.
[    8.973992] systemd[1]: Starting Remount Root and Kernel File Systems...
         Starting Remount Root and Kernel File Systems...
[    8.976270] EXT4-fs (sda1): re-mounted. Opts: (null)
[    8.978345] systemd[1]: Started Remount Root and Kernel File Systems.
[[0;32m  OK  [0m] Started Remount Root and Kernel File Systems.
[    8.982925] systemd[1]: Starting udev Coldplug all Devices...
         Starting udev Coldplug all Devices...
[    8.985293] systemd[1]: Starting Load/Save Random Seed...
         Starting Load/Save Random Seed...
[    8.990116] systemd[1]: Started Load/Save Random Seed.
[[0;32m  OK  [0m] Started Load/Save Random Seed.
[    8.996938] systemd[1]: Started Create Static Device Nodes in /dev.
[    8.997035] iscsi: registered transport (iser)
[[0;32m  OK  [0m] Started Create Static Device Nodes in /dev.
[    9.000354] systemd[1]: Starting udev Kernel Device Manager...
         Starting udev Kernel Device Manager...
[    9.002440] systemd[1]: Started Journal Service.
[[0;32m  OK  [0m] Started Journal Service.
[[0;32m  OK  [0m] Started Load Kernel Modules.
         Mounting FUSE Control File System...
         Starting Apply Kernel Variables...
         Starting Flush Journal to Persistent Storage...
[[0;32m  OK  [0m] Mounted FUSE Control File System.
[    9.026527] systemd-journald[399]: Received request to flush runtime journal from PID 1
[[0;32m  OK  [0m] Started Apply Kernel Variables.
[[0;32m  OK  [0m] Started Flush Journal to Persistent Storage.
[[0;32m  OK  [0m] Started udev Coldplug all Devices.
[[0;32m  OK  [0m] Started udev Kernel Device Manager.
[[0;32m  OK  [0m] Started Dispatch Password Requests to Console Directory Watch.
[[0;32m  OK  [0m] Found device /dev/ttyS0.
[[0;32m  OK  [0m] Listening on Load/Save RF Kill Switch Status /dev/rfkill Watch.
[[0;32m  OK  [0m] Started Monitoring of LVM2 mirrors,...ng dmeventd or progress polling.
[[0;32m  OK  [0m] Reached target Local File Systems (Pre).
[[0;32m  OK  [0m] Reached target Local File Systems.
         Starting Initial cloud-init job (pre-networking)...
         Starting LSB: AppArmor initialization...
         Starting Commit a transient machine-id on disk...
         Starting Tell Plymouth To Write Out Runtime Data...
         Starting Set console font and keymap...
         Starting Create Volatile Files and Directories...
[[0;32m  OK  [0m] Started Create Volatile Files and Directories.
[[0;32m  OK  [0m] Started Commit a transient machine-id on disk.
[[0;32m  OK  [0m] Started Tell Plymouth To Write Out Runtime Data.
         Starting Update UTMP about System Boot/Shutdown...
[[0;32m  OK  [0m] Started Update UTMP about System Boot/Shutdown.
[[0;32m  OK  [0m] Started Set console font and keymap.
[[0;32m  OK  [0m] Created slice system-getty.slice.
[[0;32m  OK  [0m] Started LSB: AppArmor initialization.
         Starting Load AppArmor profiles managed internally by snapd...
[[0;32m  OK  [0m] Started Load AppArmor profiles managed internally by snapd.
[   10.254495] cloud-init[606]: Cloud-init v. 21.1-19-gbad84ad4-0ubuntu1~16.04.2 running 'init-local' at Sat, 11 Dec 2021 07:20:02 +0000. Up 9.88 seconds.
[[0;32m  OK  [0m] Started Initial cloud-init job (pre-networking).
[[0;32m  OK  [0m] Reached target Network (Pre).
         Starting Raise network interfaces...
[[0;32m  OK  [0m] Started Raise network interfaces.
[[0;32m  OK  [0m] Reached target Network.
         Starting Initial cloud-init job (metadata service crawler)...
[   10.903242] cloud-init[965]: Cloud-init v. 21.1-19-gbad84ad4-0ubuntu1~16.04.2 running 'init' at Sat, 11 Dec 2021 07:20:03 +0000. Up 10.61 seconds.
[   10.904493] cloud-init[965]: ci-info: ++++++++++++++++++++++++++++++++++++++Net device info+++++++++++++++++++++++++++++++++++++++
[   10.905649] cloud-init[965]: ci-info: +--------+-------+----------------------------+---------------+--------+-------------------+
[   10.906935] cloud-init[965]: ci-info: | Device |   Up  |          Address           |      Mask     | Scope  |     Hw-Address    |
[   10.908297] cloud-init[965]: ci-info: +--------+-------+----------------------------+---------------+--------+-------------------+
[   10.909708] cloud-init[965]: ci-info: | enp0s3 |  True |         10.0.2.15          | 255.255.255.0 | global | 02:be:82:6b:cc:1d |
[   10.911235] cloud-init[965]: ci-info: | enp0s3 |  True | fe80::be:82ff:fe6b:cc1d/64 |       .       |  link  | 02:be:82:6b:cc:1d |
[   10.912594] cloud-init[965]: ci-info: | enp0s8 | False |             .              |       .       |   .    | 08:00:27:69:aa:17 |
[   10.913902] cloud-init[965]: ci-info: |   lo   |  True |         127.0.0.1          |   255.0.0.0   |  host  |         .         |
[   10.915207] cloud-init[965]: ci-info: |   lo   |  True |          ::1/128           |       .       |  host  |         .         |
[   10.916540] cloud-init[965]: ci-info: +--------+-------+----------------------------+---------------+--------+-------------------+
[   10.917851] cloud-init[965]: ci-info: +++++++++++++++++++++++++++Route IPv4 info++++++++++++++++++++++++++++
[   10.919010] cloud-init[965]: ci-info: +-------+-------------+----------+---------------+-----------+-------+
[   10.920191] cloud-init[965]: ci-info: | Route | Destination | Gateway  |    Genmask    | Interface | Flags |
[   10.921351] cloud-init[965]: ci-info: +-------+-------------+----------+---------------+-----------+-------+
[   10.922516] cloud-init[965]: ci-info: |   0   |   0.0.0.0   | 10.0.2.2 |    0.0.0.0    |   enp0s3  |   UG  |
[   10.923889] cloud-init[965]: ci-info: |   1   |   10.0.2.0  | 0.0.0.0  | 255.255.255.0 |   enp0s3  |   U   |
[   10.932281] cloud-init[965]: ci-info: +-------+-------------+----------+---------------+-----------+-------+
[   10.933208] cloud-init[965]: ci-info: +++++++++++++++++++Route IPv6 info+++++++++++++++++++[[0;32m  OK  [0m] Started Initial cloud-init job (metadata service crawler).
[[0;32m  OK  [0m] Reached target Cloud-config availability.
[[0;32m  OK  [0m] Reached target Network is Online.

[   10.944899] cloud-init[965]: ci-info: +-------+-------------+---------+-----------+-------+
[   10.945021] cloud-init[965]: ci-info: | Route | Destination | Gateway | Interface | Flags |
[   10.945192] cloud-init[965]: ci-info: +-------+-------------+---------+-----------+-------+
[   10.945401] cloud-init[965]: ci-info: |   0   |  fe80::/64  |    ::   |   enp0s3  |   U   |
[   10.945637] cloud-init[965]: ci-info: |   3   |   ff00::/8  |    ::   |   enp0s3  |   U   |
         Starting iSCSI initiator daemon (iscsid)...
[[0;32m  OK  [0m] Reached target System Initialization.
         Starting Socket activation for snappy daemon.
[[0;32m  OK  [0m] Listening on UUID daemon activation socket.
[[0;32m  OK  [0m] Started Ubuntu Advantage update messaging.
[   10.945825] cloud-init[965]: ci-info: +-------+-------------+---------+-----------+-------+
[   10.951440] [cloud-init[0;32m  OK  [0m[965]: ] Generating public/private rsa key pair.Started ACPI Events Check.

[[0;32m  OK  [0m] Reached target Paths.
[[0;32m  OK  [0m] Listening on ACPID Listen Socket.
[   10.951739]          Starting LXD - unix socket.
[[0;32m  OK  [0m] Started Daily Cleanup of Temporary Directories.
[[0;32m  OK  [0m] Started Message of the Day.
[[0;32m  OK  [0m] Listening on D-Bus System Message Bus Socket.
[[0;32m  OK  [0m] Started Daily apt download activities.
[[0;32m  OK  [0m] Started Daily apt upgrade and clean activities.
[[0;32m  OK  [0m] Reached target Timers.
[[0;32m  OK  [0m] Listening on Socket activation for snappy daemon.
[[0;32m  OK  [0m] Listening on LXD - unix socket.
[[0;32m  OK  [0m] Reached target Sockets.
cloud-init[965]: Your identification has been saved in /etc/ssh/ssh_host_rsa_key.
[   10.965791] [[0;32m  OK  [0m] Reached target Basic System.
cloud-init[965]: [[0;32m  OK  [0m] Started ACPI event daemon.
Your public key has been saved in /etc/ssh/ssh_host_rsa_key.pub.[[0;32m  OK  [0m] Started FUSE filesystem for LXC.
         Starting Login Service...

[   10.968488]          Starting Pollinate to seed the pseudo random number generator...
         Starting LXD - container startup/shutdown...
cloud-init[965]:          Starting LSB: MD monitoring daemon...
         Starting System Logging Service...
[[0;32m  OK  [0m] Started Deferred execution scheduler.
         Starting Snap Daemon...
         Starting Accounts Service...
         Starting Virtualbox guest utils...
[[0;32m  OK  [0m] Started D-Bus System Message Bus.
The key fingerprint is:
[   10.981661] cloud-init[965]: SHA256:97AXx0mLAvJ7LjYAONTRWe/tIS9Hx3tToTvNQfDMCrs root@ubuntu-xenial
[   10.983028] cloud-init[965]: The key's randomart image is:
[   10.984675] cloud-init[965]: +---[RSA 2048]----+
[   10.985624] cloud-init[965]: |   ..o o.    .   |
[   10.986427] cloud-init[965]: |  . . o  .    =  |
[   10.987357] cloud-init[965]: | . .  . . ..  .* |
[   10.988230] cloud-init[965]: |  o .  o o .o=+o.|
[   10.989077] cloud-init[965]: |   . .  S *.*oB..|
[   10.989995] cloud-init[965]: |      .  o X.=+.o|
[   10.991065] cloud-init[965]: |       .. +E*o.+.|
[   10.992707] cloud-init[965]: |        +o +  ...|
[   10.994022] cloud-init[965]: |       . o.      |
[   11.000498] cloud-init[965]: +----[SHA256]-----+
[   11.004808] cloud-init[965]: Generating public/private dsa key pair.
[   11.005660] cloud-init[965]: Your identification has been saved in /etc/ssh/ssh_host_dsa_key.
[   11.006671] cloud-init[965]: Your public key has been saved in /etc/ssh/ssh_host_dsa_key.pub.
[   11.012045] cloud-init[965]: The key fingerprint is:
[   11.013061] cloud-init[965]: SHA256:BAg3NxYwyQW6f4PRuyjU/zOzkGFSxxrPZk1312B3v3U root@ubuntu-xenial
[   11.018509] cloud-init[965]: The key's randomart image is:
[   11.019592] cloud-init[965]: +---[DSA 1024]----+
[   11.025259] cloud-init[965]: |  .o**B.      o o|
[   11.025988] cloud-init[965]: |   o+= +     . o+|
[   11.032108] cloud-init[965]: |  .   o + . . . E|
[   11.040357] cloud-init[965]: |   . o B o . . .+|
         Starting /etc/rc.local Compatibility...
[   11.057422]          Starting LSB: Record successful boot for GRUB...
cloud-init[965]: |  ..o = S .    . |
[[0;32m  OK  [0m] Started Regular background program processing daemon.
[[0;32m  OK  [0m] Started System Logging Service.
[[0;32m  OK  [0m] Started iSCSI initiator daemon (iscsid).
[[0;32m  OK  [0m] Started /etc/rc.local Compatibility.
[   11.061559] cloud-init[965]: |  ...= *         |
         Starting Login to default iSCSI targets...
[   11.076256] cloud-init[965]: [[0;32m  OK  [0m] Started Login Service.
[[0;32m  OK  [0m] Started Unattended Upgrades Shutdown.
| .  o.*          |
[   11.086486] cloud-init[965]: |  .  o.++        |
[   11.087677] cloud-init[965]: |   .. ..o=       |
[   11.095139] cloud-init[965]: +----[SHA256]-----+
[   11.096125] cloud-init[965]: Generating public/private ecdsa key pair.         Starting Authenticate and Authorize Users to Run Privileged Tasks...

[   11.123915] cloud-init[965]: Your identification has been saved in /etc/ssh/ssh_host_ecdsa_key.
[   11.138439] cloud-init[965]: Your public key has been saved in /etc/ssh/ssh_host_ecdsa_key.pub.
[[0;32m  OK  [0m] Started LSB: MD monitoring daemon.
[   11.149413] [[0;32m  OK  [0m] Started Login to default iSCSI targets.
[[0;32m  OK  [0m] Reached target Remote File Systems (Pre).
[[0;32m  OK  [0m] Reached target Remote File Systems.
cloud-init[965]: The key fingerprint is:
[   11.152222] cloud-init[965]: SHA256:fZ1B6xpyFBXX5hs5S9Z1JOiSi9VlvrNl7uYyPWpDmUA root@ubuntu-xenial
[   11.153711] cloud-init[965]: The key's randomart image is:
[   11.163909] cloud-init[965]: +---[ECDSA 256]---+
[   11.165281] cloud-init[965]: |            .o=o+|
[   11.166206] cloud-init[965]: |           E.oo+=|
[   11.167084] cloud-init[965]: |          .+.+oo=|
         Starting Permit User Sessions...
[   11.175676] cloud-init[965]:          |         .+ooo.Oo|Starting LSB: automatic crash report generation...

[   11.181683]          Starting LSB: Set the CPU Frequency Scaling governor to "ondemand"...
         Starting LSB: daemon to balance interrupts for SMP systems...
cloud-init[[0;32m  OK  [0m] Started Permit User Sessions.
         Starting Terminate Plymouth Boot Screen...
         Starting Hold until boot process finishes up...
[965]: |        Sooo= O.=|
[   11.200626] cloud-init[[0;32m  OK  [0m] Started Hold until boot process finishes up.
[[0;32m  OK  [0m] Started Serial Getty on ttyS0.
[965]: |        . .+ *ooo|
[   11.206472] cloud-init[965]: |            o  B |
         Starting Set console scheme...
[   11.207590] [[0;32m  OK  [0m] Started Getty on tty1.
[[0;32m  OK  [0m] Reached target Login Prompts.
[[0;32m  OK  [0m] Started Set console scheme.
cloud-init[965]: [[0;32m  OK  [0m] Started Authenticate and Authorize Users to Run Privileged Tasks.
|             o+.+|
[   11.211823] cloud-init[965]: [[0;32m  OK  [0m] Started Accounts Service.
|            ..o*+|
[   11.220251] [[0;32m  OK  [0m] Started Terminate Plymouth Boot Screen.
cloud-init[965]: +----[SHA256]-----+
[   11.221493] cloud-init[965]: Generating public/private ed25519 key pair.
[   11.222518] cloud-init[965]: Your identification has been saved in /etc/ssh/ssh_host_ed25519_key.
[   11.237159] cloud-init[965]: Your public key has been saved in /etc/ssh/ssh_host_ed25519_key.pub.
[   11.238236] cloud-init[965]: The key fingerprint is:
[   11.238983] cloud-init[965]: SHA256:gNkLL01VznG0EmRxznd6/2At3qwI+kcwq8y+RgCVrZg root@ubuntu-xenial
[   11.240111] cloud-init[965]: The key's randomart image is:
[   11.240935] cloud-init[965]: +--[ED25519 256]--+
[   11.243821] [[0;32m  OK  [0m] Started LSB: Set the CPU Frequency Scaling governor to "ondemand".
[[0;32m  OK  [0m] Started LSB: Record successful boot for GRUB.
cloud-init[965]: |     ..o.oBo+    |
[   11.247658] cloud-init[965]: |    .+...+ B .   |
[   11.249879] cloud-init[965]: |    +++.  + + . .|
[   11.250779] cloud-init[965]: |    E=oo  o. . o |
[   11.251825] cloud-init[965]: |    . +.S  +  . .|
[   11.260737] cloud-init[965]: |     .  . . .  o.|
[   11.261561] cloud-init[965]: |       + ...  + o|[[0;32m  OK  [0m] Started LSB: daemon to balance interrupts for SMP systems.

[   11.264699] cloud-init[965]: |        =. ..+ =.|
[   11.265555] cloud-init[965]: |       o+o... o.+|
[   11.272884] cloud-init[965]: +----[SHA256]-----+
[[0;32m  OK  [0m] Started LXD - container startup/shutdown.
[[0;32m  OK  [0m] Started LSB: automatic crash report generation.
[[0;32m  OK  [0m] Started Virtualbox guest utils.
[[0;32m  OK  [0m] Started Snap Daemon.
         Starting Wait until snapd is fully seeded...
[[0;32m  OK  [0m] Started Pollinate to seed the pseudo random number generator.
         Starting OpenBSD Secure Shell server...
[[0;32m  OK  [0m] Started OpenBSD Secure Shell server.
[[0;32m  OK  [0m] Created slice User Slice of vagrant.
         Starting User Manager for UID 1000...
[[0;32m  OK  [0m] Started Session 1 of user vagrant.
[[0;32m  OK  [0m] Started User Manager for UID 1000.
[[0;32m  OK  [0m] Started Wait until snapd is fully seeded.
         Starting Apply the settings specified in cloud-config...
[[0;32m  OK  [0m] Reached target Multi-User System.
[[0;32m  OK  [0m] Reached target Graphical Interface.
         Starting Update UTMP about System Runlevel Changes...
[[0;32m  OK  [0m] Started Update UTMP about System Runlevel Changes.
[   14.783339] cloud-init[1496]: Generating locales (this might take a while)...
         Stopping User Manager for UID 1000...
[[0;32m  OK  [0m] Stopped User Manager for UID 1000.
[[0;32m  OK  [0m] Removed slice User Slice of vagrant.
[[0;32m  OK  [0m] Created slice User Slice of vagrant.
         Starting User Manager for UID 1000...
[[0;32m  OK  [0m] Started Session 2 of user vagrant.
[[0;32m  OK  [0m] Started User Manager for UID 1000.
[   15.577561] cloud-init[1496]:   en_US.UTF-8... done
[   15.579413] cloud-init[1496]: Generation complete.
[   15.803306] cloud-init[1496]: Cloud-init v. 21.1-19-gbad84ad4-0ubuntu1~16.04.2 running 'modules:config' at Sat, 11 Dec 2021 07:20:07 +0000. Up 14.71 seconds.
[[0;32m  OK  [0m] Started Apply the settings specified in cloud-config.
         Starting Execute cloud user/final scripts...
ci-info: no authorized SSH keys fingerprints found for user ubuntu.
<14>Dec 11 07:20:08 ec2: 
<14>Dec 11 07:20:08 ec2: #############################################################
<14>Dec 11 07:20:08 ec2: -----BEGIN SSH HOST KEY FINGERPRINTS-----
<14>Dec 11 07:20:08 ec2: 1024 SHA256:BAg3NxYwyQW6f4PRuyjU/zOzkGFSxxrPZk1312B3v3U root@ubuntu-xenial (DSA)
<14>Dec 11 07:20:08 ec2: 256 SHA256:fZ1B6xpyFBXX5hs5S9Z1JOiSi9VlvrNl7uYyPWpDmUA root@ubuntu-xenial (ECDSA)
<14>Dec 11 07:20:08 ec2: 256 SHA256:gNkLL01VznG0EmRxznd6/2At3qwI+kcwq8y+RgCVrZg root@ubuntu-xenial (ED25519)
<14>Dec 11 07:20:08 ec2: 2048 SHA256:97AXx0mLAvJ7LjYAONTRWe/tIS9Hx3tToTvNQfDMCrs root@ubuntu-xenial (RSA)
<14>Dec 11 07:20:08 ec2: -----END SSH HOST KEY FINGERPRINTS-----
<14>Dec 11 07:20:08 ec2: #############################################################
-----BEGIN SSH HOST KEY KEYS-----
ecdsa-sha2-nistp256 AAAAE2VjZHNhLXNoYTItbmlzdHAyNTYAAAAIbmlzdHAyNTYAAABBBAo42kpnegRYq9px5p2m6+h/e4eCtM6Z3V2IQnA4mJevNO+e5qja+2rUGBSBemq/vWchpL1HkVNhCMkXEJAJsRQ= root@ubuntu-xenial
ssh-ed25519 AAAAC3NzaC1lZDI1NTE5AAAAINKg5jxV2JtwMxe3winq3q1PIpWhVNYI+A8fNHFGntIv root@ubuntu-xenial
ssh-rsa AAAAB3NzaC1yc2EAAAADAQABAAABAQDFwK9aW7lzYLF7cxUbio9YwI2E8lGYt6bZa+5sRZiygyUU+OGNCF3jbrJz6ECCxGW8fipnY1WvsUPT2I9kg8wmrdu8hVC0OKLKWFTFeGLdqVvxJDZxk5P8Fhu2FFww905TkdG0edCi8ReEwQPVPfiPebPo9weBzBSPhISkR+92xRLoh0me2jYT0QySZ2AFWHH67R/sosRE7vrjfETydaBcI7d2oo3v3lSK2Dp+bc+6LEEbQfhn6PyEmlAeQNIPbB/jaTBEiGpMyJxuesJFEAeIHpDHWm3qvV+VUUBZEqlPSbwBwD/Nj4h++ZVmZYtKpHzaaPamO1DHJovs6CgbqCAP root@ubuntu-xenial
-----END SSH HOST KEY KEYS-----
[   16.132657] cloud-init[1642]: Cloud-init v. 21.1-19-gbad84ad4-0ubuntu1~16.04.2 running 'modules:final' at Sat, 11 Dec 2021 07:20:08 +0000. Up 16.03 seconds.
[   16.134199] cloud-init[1642]: ci-info: no authorized SSH keys fingerprints found for user ubuntu.
[   16.135319] cloud-init[1642]: Cloud-init v. 21.1-19-gbad84ad4-0ubuntu1~16.04.2 finished at Sat, 11 Dec 2021 07:20:08 +0000. Datasource DataSourceNoCloud [seed=/dev/sdb][dsmode=net].  Up 16.12 seconds
[[0;32m  OK  [0m] Started Execute cloud user/final scripts.
[[0;32m  OK  [0m] Reached target Cloud-init target.

Ubuntu 16.04.7 LTS nginxAirtnt ttyS0

nginxAirtnt login: 